<?xml version="1.0" encoding="UTF-8"?>
<!-- Generated by org.testng.reporters.JUnitReportReporter -->
<testsuite skipped="0" hostname="hp" name="orangeHrm_TestNG.LoginToOrangeHrm" tests="1" failures="0" timestamp="30 Apr 2021 11:04:08 GMT" time="14.573" errors="0">
  <testcase name="openBrowserAndLogin" time="14.573" classname="orangeHrm_TestNG.LoginToOrangeHrm"/>
</testsuite> <!-- orangeHrm_TestNG.LoginToOrangeHrm -->
