<?xml version="1.0" encoding="UTF-8"?>
<!-- Generated by org.testng.reporters.JUnitReportReporter -->
<testsuite skipped="0" hostname="hp" name="testNG.E_Annotations_BeforeTest_AfterTest_BeforeSuit_AfterSuit" tests="3" failures="0" timestamp="27 Apr 2021 09:50:29 GMT" time="0.024" errors="0">
  <testcase name="Testcase2" time="0.008" classname="testNG.E_Annotations_BeforeTest_AfterTest_BeforeSuit_AfterSuit"/>
  <testcase name="Testcase3" time="0.003" classname="testNG.E_Annotations_BeforeTest_AfterTest_BeforeSuit_AfterSuit"/>
  <testcase name="Testcase1" time="0.013" classname="testNG.E_Annotations_BeforeTest_AfterTest_BeforeSuit_AfterSuit"/>
</testsuite> <!-- testNG.E_Annotations_BeforeTest_AfterTest_BeforeSuit_AfterSuit -->
