<?xml version="1.0" encoding="UTF-8"?>
<!-- Generated by org.testng.reporters.JUnitReportReporter -->
<testsuite skipped="0" hostname="hp" name="testNG.D_Annotations_BeforeClass_AfterClass" tests="3" failures="0" timestamp="29 Apr 2021 08:07:11 GMT" time="0.031" errors="0">
  <testcase name="Testcase2" time="0.000" classname="testNG.D_Annotations_BeforeClass_AfterClass"/>
  <testcase name="Testcase3" time="0.015" classname="testNG.D_Annotations_BeforeClass_AfterClass"/>
  <testcase name="Testcase1" time="0.016" classname="testNG.D_Annotations_BeforeClass_AfterClass"/>
</testsuite> <!-- testNG.D_Annotations_BeforeClass_AfterClass -->
