<?xml version="1.0" encoding="UTF-8"?>
<!-- Generated by org.testng.reporters.JUnitReportReporter -->
<testsuite skipped="1" hostname="hp" name="testNG.L_parameters" tests="2" failures="0" timestamp="04 May 2021 13:27:07 GMT" time="0.030" errors="0">
  <testcase name="testcase1" time="0.030" classname="testNG.L_parameters"/>
  <testcase name="testcase2" classname="testNG.L_parameters">
    <skipped/>
  </testcase> <!-- testcase2 -->
</testsuite> <!-- testNG.L_parameters -->
