<?xml version="1.0" encoding="UTF-8"?>
<!-- Generated by org.testng.reporters.JUnitReportReporter -->
<testsuite skipped="0" hostname="hp" name="testNG.G_dependsOnMethod" tests="2" failures="0" timestamp="29 Apr 2021 08:11:51 GMT" time="0.032" errors="0">
  <testcase name="testcase1" time="0.032" classname="testNG.G_dependsOnMethod"/>
  <testcase name="testcase2" time="0.000" classname="testNG.G_dependsOnMethod"/>
</testsuite> <!-- testNG.G_dependsOnMethod -->
