<?xml version="1.0" encoding="UTF-8"?>
<!-- Generated by org.testng.reporters.JUnitReportReporter -->
<testsuite skipped="0" hostname="hp" name="testNG.H_InclusionAndExclusionMethods" tests="3" failures="0" timestamp="29 Apr 2021 08:36:54 GMT" time="0.015" errors="0">
  <testcase name="testcase1" time="0.015" classname="testNG.H_InclusionAndExclusionMethods"/>
  <testcase name="testcase3" time="0.000" classname="testNG.H_InclusionAndExclusionMethods"/>
  <testcase name="testcase2" time="0.000" classname="testNG.H_InclusionAndExclusionMethods"/>
</testsuite> <!-- testNG.H_InclusionAndExclusionMethods -->
