<?xml version="1.0" encoding="UTF-8"?>
<!-- Generated by org.testng.reporters.JUnitReportReporter -->
<testsuite skipped="0" hostname="hp" name="pomtest.LoginTest" tests="1" failures="0" timestamp="07 May 2021 08:37:01 GMT" time="9.092" errors="0">
  <testcase name="login" time="9.092" classname="pomtest.LoginTest"/>
</testsuite> <!-- pomtest.LoginTest -->
