<?xml version="1.0" encoding="UTF-8"?>
<!-- Generated by org.testng.reporters.JUnitReportReporter -->
<testsuite skipped="0" hostname="hp" name="testNG.C_TestClass_BeforeMethod_AfterMethod" tests="3" failures="0" timestamp="26 Apr 2021 13:35:05 GMT" time="0.037" errors="0">
  <testcase name="Testcase3" time="0.032" classname="testNG.C_TestClass_BeforeMethod_AfterMethod"/>
  <testcase name="Testcase1" time="0.005" classname="testNG.C_TestClass_BeforeMethod_AfterMethod"/>
  <testcase name="Testcase2" time="0.000" classname="testNG.C_TestClass_BeforeMethod_AfterMethod"/>
</testsuite> <!-- testNG.C_TestClass_BeforeMethod_AfterMethod -->
