<?xml version="1.0" encoding="UTF-8"?>
<!-- Generated by org.testng.reporters.JUnitReportReporter -->
<testsuite skipped="0" hostname="hp" name="testNG.C_Annotations_BeforeMethod_AfterMethod" tests="3" failures="0" timestamp="07 May 2021 07:28:19 GMT" time="0.059" errors="0">
  <testcase name="Testcase3" time="0.039" classname="testNG.C_Annotations_BeforeMethod_AfterMethod"/>
  <testcase name="Testcase1" time="0.015" classname="testNG.C_Annotations_BeforeMethod_AfterMethod"/>
  <testcase name="Testcase2" time="0.005" classname="testNG.C_Annotations_BeforeMethod_AfterMethod"/>
</testsuite> <!-- testNG.C_Annotations_BeforeMethod_AfterMethod -->
