<?xml version="1.0" encoding="UTF-8"?>
<!-- Generated by org.testng.reporters.JUnitReportReporter -->
<testsuite skipped="0" hostname="hp" name="testNG.K_ParallelExecutionOfTestCases3" tests="2" failures="0" timestamp="03 May 2021 14:26:28 GMT" time="0.000" errors="0">
  <testcase name="testcase7" time="0.000" classname="testNG.K_ParallelExecutionOfTestCases3"/>
  <testcase name="testcase8" time="0.000" classname="testNG.K_ParallelExecutionOfTestCases3"/>
</testsuite> <!-- testNG.K_ParallelExecutionOfTestCases3 -->
