<?xml version="1.0" encoding="UTF-8"?>
<!-- Generated by org.testng.reporters.JUnitReportReporter -->
<testsuite skipped="0" hostname="hp" name="testNG.L_parameters2" tests="2" failures="0" timestamp="04 May 2021 13:33:55 GMT" time="0.036" errors="0">
  <testcase name="testcase2" time="0.023" classname="testNG.L_parameters2"/>
  <testcase name="testcase2" time="0.013" classname="testNG.L_parameters2"/>
</testsuite> <!-- testNG.L_parameters2 -->
