<?xml version="1.0" encoding="UTF-8"?>
<!-- Generated by org.testng.reporters.JUnitReportReporter -->
<testsuite skipped="0" hostname="hp" name="testNG.B_TestClass_ReportLog_Enabled_InvocationCount" tests="5" failures="0" timestamp="26 Apr 2021 13:23:46 GMT" time="0.016" errors="0">
  <testcase name="Testcase2" time="0.000" classname="testNG.B_TestClass_ReportLog_Enabled_InvocationCount"/>
  <testcase name="Testcase3" time="0.000" classname="testNG.B_TestClass_ReportLog_Enabled_InvocationCount"/>
  <testcase name="Testcase2" time="0.000" classname="testNG.B_TestClass_ReportLog_Enabled_InvocationCount"/>
  <testcase name="Testcase4" time="0.000" classname="testNG.B_TestClass_ReportLog_Enabled_InvocationCount"/>
  <testcase name="Testcase1" time="0.016" classname="testNG.B_TestClass_ReportLog_Enabled_InvocationCount"/>
</testsuite> <!-- testNG.B_TestClass_ReportLog_Enabled_InvocationCount -->
