<?xml version="1.0" encoding="UTF-8"?>
<!-- Generated by org.testng.reporters.JUnitReportReporter -->
<testsuite skipped="0" hostname="hp" name="testNG.TestClass" tests="3" failures="0" timestamp="26 Apr 2021 13:05:13 GMT" time="0.041" errors="0">
  <testcase name="Testcase0" time="0.023" classname="testNG.TestClass"/>
  <testcase name="Testcase2" time="0.013" classname="testNG.TestClass"/>
  <testcase name="Testcase1" time="0.005" classname="testNG.TestClass"/>
</testsuite> <!-- testNG.TestClass -->
