<?xml version="1.0" encoding="UTF-8"?>
<!-- Generated by org.testng.reporters.JUnitReportReporter -->
<testsuite skipped="0" hostname="hp" name="orangeHrm_TestNG.MyInfo" tests="3" failures="0" timestamp="30 Apr 2021 11:31:04 GMT" time="17.228" errors="0">
  <testcase name="openBrowserAndLogin" time="14.723" classname="orangeHrm_TestNG.MyInfo"/>
  <testcase name="myInfo" time="2.245" classname="orangeHrm_TestNG.MyInfo"/>
  <testcase name="personalDetails" time="0.260" classname="orangeHrm_TestNG.MyInfo"/>
</testsuite> <!-- orangeHrm_TestNG.MyInfo -->
