<?xml version="1.0" encoding="UTF-8"?>
<!-- Generated by org.testng.reporters.JUnitReportReporter -->
<testsuite skipped="1" hostname="hp" name="testNG.B_TestClass_ReportLog_Enabled_Invocation" tests="4" failures="0" timestamp="26 Apr 2021 13:17:55 GMT" time="0.031" errors="0">
  <testcase name="Testcase2" time="0.000" classname="testNG.B_TestClass_ReportLog_Enabled_Invocation"/>
  <testcase name="Testcase3" time="0.000" classname="testNG.B_TestClass_ReportLog_Enabled_Invocation"/>
  <testcase name="Testcase1" time="0.031" classname="testNG.B_TestClass_ReportLog_Enabled_Invocation"/>
  <testcase name="Testcase4" classname="testNG.B_TestClass_ReportLog_Enabled_Invocation">
    <skipped/>
  </testcase> <!-- Testcase4 -->
</testsuite> <!-- testNG.B_TestClass_ReportLog_Enabled_Invocation -->
