<?xml version="1.0" encoding="UTF-8"?>
<!-- Generated by org.testng.reporters.JUnitReportReporter -->
<testsuite skipped="0" hostname="hp" name="testNG.I_GroupingOfTestCase" tests="6" failures="0" timestamp="07 May 2021 07:14:54 GMT" time="0.042" errors="0">
  <testcase name="testcase5" time="0.002" classname="testNG.I_GroupingOfTestCase"/>
  <testcase name="testcase3" time="0.031" classname="testNG.I_GroupingOfTestCase"/>
  <testcase name="testcase4" time="0.004" classname="testNG.I_GroupingOfTestCase"/>
  <testcase name="testcase6" time="0.001" classname="testNG.I_GroupingOfTestCase"/>
  <testcase name="testcase7" time="0.002" classname="testNG.I_GroupingOfTestCase"/>
  <testcase name="testcase8" time="0.002" classname="testNG.I_GroupingOfTestCase"/>
</testsuite> <!-- testNG.I_GroupingOfTestCase -->
