<?xml version="1.0" encoding="UTF-8"?>
<!-- Generated by org.testng.reporters.JUnitReportReporter -->
<testsuite skipped="0" hostname="hp" name="testNG.G1_dependsOnMethod" tests="1" failures="0" timestamp="29 Apr 2021 08:11:51 GMT" time="0.015" errors="0">
  <testcase name="testcase3" time="0.015" classname="testNG.G1_dependsOnMethod"/>
</testsuite> <!-- testNG.G1_dependsOnMethod -->
