<?xml version="1.0" encoding="UTF-8"?>
<!-- Generated by org.testng.reporters.JUnitReportReporter -->
<testsuite skipped="0" hostname="hp" name="testNG.D_TestClass_BeforeClass_AfterClass" tests="3" failures="0" timestamp="26 Apr 2021 13:42:00 GMT" time="0.000" errors="0">
  <testcase name="Testcase2" time="0.000" classname="testNG.D_TestClass_BeforeClass_AfterClass"/>
  <testcase name="Testcase1" time="0.000" classname="testNG.D_TestClass_BeforeClass_AfterClass"/>
  <testcase name="Testcase3" time="0.000" classname="testNG.D_TestClass_BeforeClass_AfterClass"/>
</testsuite> <!-- testNG.D_TestClass_BeforeClass_AfterClass -->
